# Contributor: Alex Yam <alex@alexyam.com>
# Maintainer: Alex Yam <alex@alexyam.com>
pkgname=imath
_pkgname=Imath
pkgver=3.1.3
_python_ver=3.9
pkgrel=0
pkgdesc="C++ and python library of 2D and 3D vector, matrix, and math operations for computer graphics"
url="https://github.com/AcademySoftwareFoundation/Imath"
arch="all !x86"
# x86 failed tests:
#  1/38 Test  #1: PyImath.PyImathTest_Python3 .............***Failed
#	AssertionError
# 21/38 Test #21: Imath.testFun ..............Subprocess aborted***Exception:
#	Assertion failed: bit_cast<unsigned> (pf) == bit_cast<unsigned> (f)
# 23/38 Test #23: Imath.testInterval .........Subprocess aborted***Exception:
#	Assertion failed: b.min == min && b.max == max
# 33/38 Test #33: Imath.testBox ..............Subprocess aborted***Exception:
#	Assertion failed: b.min == min && b.max == max
# 89% tests passed, 4 tests failed out of 38
license="BSD-3-Clause"
makedepends="
	boost-dev
	clang-extra-tools
	cmake
	doxygen
	py3-breathe
	py3-numpy-dev
	py3-sphinx
	python3-dev
	"
subpackages="$pkgname-dev $pkgname-doc py3-$pkgname:_py"
source="$pkgname-$pkgver.tar.gz::https://github.com/AcademySoftwareFoundation/Imath/archive/refs/tags/v$pkgver.tar.gz"
builddir=$srcdir/$_pkgname-$pkgver

build() {
	cmake -B build \
		-DCMAKE_INSTALL_PREFIX=/usr \
		-DCMAKE_INSTALL_LIBDIR=lib \
		-DBUILD_SHARED_LIBS=True \
		-DCMAKE_BUILD_TYPE=None \
		-DDOCS=ON \
		-DPYTHON=ON
	# builds fail randomly without -j 1
	# aarch64: fail: 551004, 551661, 551675
	#   armhf: success: 551006, 551679, fail: 551663
	#   s390x: success: 551663, fail: 551679
	cmake --build build -j 1
}

check() {
	cd build && CTEST_OUTPUT_ON_FAILURE=TRUE ctest
}

package() {
	DESTDIR="$pkgdir" cmake --install build
}

_py() {
	pkgdesc="Imath Python library"
	depends="python3 imath=$pkgver-r$pkgrel"
	amove usr/lib/python3*
}

sha512sums="a11f5e736bc49098d735c7903f186c15b03efbec082a8cf2e6635546368035cec0d36c7ae64bfd01bd8eeffb2dd247b8dab19e440a3e1fe33008edacc1268f75  imath-3.1.3.tar.gz"
