# Contributor: Hoang Nguyen <folliekazetani@protonmail.com>
# Contributor: vinnie <fz12345@gmail.com>
# Maintainer: vinnie <fz12345@gmail.com>
pkgname=xonsh
pkgver=0.13.1
pkgrel=0
pkgdesc="Python-powered, cross-platform, Unix-gazing shell"
url="https://xon.sh"
arch="noarch"
license="BSD-2-Clause"
depends="
	py3-distro
	py3-prompt_toolkit>=3.0
	py3-pygments>=2.2
	py3-pyperclip
	py3-ujson
	"
makedepends="py3-setuptools py3-build py3-installer py3-wheel"
checkdepends="
	bash
	git
	man-db
	util-linux-misc
	py3-pip
	py3-pyte
	py3-pytest
	py3-pytest-mock
	py3-pytest-rerunfailures
	py3-pytest-subprocess
	py3-pytest-timeout
	py3-virtualenv
	"
source="$pkgname-$pkgver.tar.gz::https://github.com/xonsh/xonsh/archive/$pkgver.tar.gz"

build() {
	python3 -m build --no-isolation --wheel
}

check() {
	# tests/test_integrations.py: TypeError: expected str, bytes or os.PathLike object, not NoneType
	# tests/test_ptk_shell.py: AttributeError: __enter__
	# tests/test_pipelines.py, tests/completers/test_bash_completer.py, tests/procs/test_specs.py: AssertionError with hiddent output of `echo -n`, `ls` and `dd` subprocesses
	# tests/completers/test_bash_completer.py: AssertionError: assert <class 'subprocess.Popen'> is PopenThread (`pwd` command)
	python3 -m pytest \
		--ignore=tests/test_integrations.py \
		--ignore=tests/test_pipelines.py \
		--ignore=tests/test_ptk_shell.py \
		--ignore=tests/completers/test_bash_completer.py \
		--ignore=tests/procs/test_specs.py
}

package() {
	python3 -m installer -d "$pkgdir" \
		dist/$pkgname-$pkgver-*none-any.whl
}

sha512sums="
fa8e5f84f32aa7ba12794c1200db8ae7faae5204de849c806dfede487c0784c38bbf24f55c80fdf53419eb068fe22f4b8374b932bd3b7d10db1f052fbe967fdc  xonsh-0.13.1.tar.gz
"
